<?xml version="1.0" encoding="UTF-8"?>
<!-- Generated by org.testng.reporters.JUnitReportReporter -->
<testsuite hostname="DESKTOP-D4H4H30" failures="0" tests="2" name="VJMavenProject.MavenJava.SeleniumTest" time="0.006" errors="0" timestamp="2021-05-26T09:25:15 EDT" skipped="0">
  <testcase classname="VJMavenProject.MavenJava.SeleniumTest" name="Test5" time="0.005"/>
  <system-out/>
  <testcase classname="VJMavenProject.MavenJava.SeleniumTest" name="Test6" time="0.001"/>
  <system-out/>
</testsuite> <!-- VJMavenProject.MavenJava.SeleniumTest -->
